<?xml version="1.0" encoding="UTF-8"?>
<!-- Generated by org.testng.reporters.JUnitXMLReporter -->
<testsuite hostname="SANKET-PC" name="Test" tests="3" failures="0" timestamp="24 Oct 2018 09:08:07 GMT" time="14.549" errors="0">
  <testcase name="testVisiblityofAllComponets" time="0.17" classname="sanity.LoginTestCase"/>
  <testcase name="validLogin" time="3.65" classname="sanity.LoginTestCase"/>
  <testcase name="invalidLogin" time="10.71" classname="sanity.LoginTestCase"/>
</testsuite> <!-- Test -->
