<?xml version="1.0" encoding="UTF-8"?>
<!-- Generated by org.testng.reporters.JUnitXMLReporter -->
<testsuite hostname="SANKET-PC" name="Test" tests="8" failures="0" timestamp="21 Nov 2018 06:22:49 GMT" time="44.978" errors="0">
  <testcase name="test_VisiblityofAllComponets" time="0.151" classname="sanity.LoginTestCase"/>
  <testcase name="test_validLogin" time="2.694" classname="sanity.LoginTestCase"/>
  <testcase name="test_invalidLogin" time="12.566" classname="sanity.LoginTestCase"/>
  <testcase name="test_VisiblityofAllComponets" time="0.08" classname="sanity.ForgotPasswordTestCase"/>
  <testcase name="test_validforgotpassword" time="1.068" classname="sanity.ForgotPasswordTestCase"/>
  <testcase name="test_invalidforgotpassword" time="13.499" classname="sanity.ForgotPasswordTestCase"/>
  <testcase name="test_visiblityof_privatepractitioner_components" time="0.965" classname="sanity.PrivatePractitionerTestCase"/>
  <testcase name="test_verifyStateList" time="0.629" classname="sanity.PrivatePractitionerTestCase"/>
</testsuite> <!-- Test -->
