<?xml version="1.0" encoding="UTF-8"?>
<!-- Generated by org.testng.reporters.JUnitXMLReporter -->
<testsuite hostname="SANKET-PC" name="Default test" tests="3" failures="0" timestamp="19 Nov 2018 10:36:34 GMT" time="14.942" errors="0">
  <testcase name="test_VisiblityofAllComponets" time="0.102" classname="sanity.ForgotPasswordTestCase"/>
  <testcase name="test_validforgotpassword" time="1.104" classname="sanity.ForgotPasswordTestCase"/>
  <testcase name="test_invalidforgotpassword" time="13.713" classname="sanity.ForgotPasswordTestCase"/>
</testsuite> <!-- Default test -->
